#
# A fatal error has been detected by the Java Runtime Environment:
#
#  EXCEPTION_ACCESS_VIOLATION (0xc0000005) at pc=0x00007fffad08aedc, pid=9920, tid=8476
#
# JRE version: Java(TM) SE Runtime Environment (9.0+11) (build 9.0.1+11)
# Java VM: Java HotSpot(TM) 64-Bit Server VM (9.0.1+11, mixed mode, tiered, compressed oops, g1 gc, windows-amd64)
# Problematic frame:
# C  [nvoglv64.dll+0xf9aedc]
#
# No core dump will be written. Minidumps are not enabled by default on client versions of Windows
#
# If you would like to submit a bug report, please visit:
#   http://bugreport.java.com/bugreport/crash.jsp
# The crash happened outside the Java Virtual Machine in native code.
# See problematic frame for where to report the bug.
#

---------------  S U M M A R Y ------------

Command Line: -Dfile.encoding=Cp1252 Main

Host: AMD Phenom(tm) II X6 1045T Processor, 6 cores, 7G,  Windows 10 , 64 bit Build 18362 (10.0.18362.329)
Time: Wed Nov 27 11:17:37 2019 Eastern Standard Time elapsed time: 2 seconds (0d 0h 0m 2s)

---------------  T H R E A D  ---------------

Current thread (0x0000011868176800):  JavaThread "main" [_thread_in_native, id=8476, stack(0x0000000bf4e00000,0x0000000bf4f00000)]

Stack: [0x0000000bf4e00000,0x0000000bf4f00000],  sp=0x0000000bf4efe9f8,  free space=1018k
Native frames: (J=compiled Java code, j=interpreted, Vv=VM code, C=native code)
C  [nvoglv64.dll+0xf9aedc]
C  [nvoglv64.dll+0x6dcc80]
C  [opengl32.dll+0x302f4]
C  [lwjgl_opengl.dll+0xcab5]
C  0x000001180001919c

Java frames: (J=compiled Java code, j=interpreted, Vv=VM code)
j  org.lwjgl.opengl.GL11C.nglTexImage2D(IIIIIIIIJ)V+0
j  org.lwjgl.opengl.GL11C.glTexImage2D(IIIIIIIILjava/nio/ByteBuffer;)V+17
j  org.lwjgl.opengl.GL11.glTexImage2D(IIIIIIIILjava/nio/ByteBuffer;)V+14
j  edu.utc.game.Texture.<init>(Ljava/lang/String;)V+163
j  Player.<init>(IIZ)V+114
j  SnakeGame.<init>(I)V+80
j  Menu.<init>(IIZ)V+96
j  Main.main([Ljava/lang/String;)V+11
v  ~StubRoutines::call_stub

siginfo: EXCEPTION_ACCESS_VIOLATION (0xc0000005), reading address 0x0000011816a13000


Register to memory mapping:

RIP=0x00007fffad08aedc nvoglv64.dll
RAX=0x0000011816a14000 is an unknown value
RBX=0x000001187e084a40 is an unknown value
RCX=0x000001187e087a50 is an unknown value
RDX=0xffffffff9898b5c0 is an unknown value
RSP=0x0000000bf4efe9f8 is pointing into the stack for thread: 0x0000011868176800
RBP=0x0000011816a10000 is an unknown value
RSI=0x0000000000004000 is an unknown value
RDI=0x000001187f6f9080 is an unknown value
R8 =0x0000000000003ff0 is an unknown value
R9 =0x000000000000001f is an unknown value
R10=0x0000011816a10000 is an unknown value
R11=0x000001187e084a40 is an unknown value
R12=0x0000000000001908 is an unknown value
R13=0x0000000000000000 is an unknown value
R14=0x0000000000000040 is an unknown value
R15=0x0000000000001401 is an unknown value


Registers:
RAX=0x0000011816a14000, RBX=0x000001187e084a40, RCX=0x000001187e087a50, RDX=0xffffffff9898b5c0
RSP=0x0000000bf4efe9f8, RBP=0x0000011816a10000, RSI=0x0000000000004000, RDI=0x000001187f6f9080
R8 =0x0000000000003ff0, R9 =0x000000000000001f, R10=0x0000011816a10000, R11=0x000001187e084a40
R12=0x0000000000001908, R13=0x0000000000000000, R14=0x0000000000000040, R15=0x0000000000001401
RIP=0x00007fffad08aedc, EFLAGS=0x0000000000010212

Top of Stack: (sp=0x0000000bf4efe9f8)
0x0000000bf4efe9f8:   00007fffac7ccc80 0000000000000040
0x0000000bf4efea08:   0000000000000000 0000000000000000
0x0000000bf4efea18:   00007fffe3f28547 0000011800001908
0x0000000bf4efea28:   0000000000001401 0000011816a10000
0x0000000bf4efea38:   0000000057dcbd96 0000000100004000
0x0000000bf4efea48:   00000000873fcd78 0000011868176800
0x0000000bf4efea58:   0000000bf4efec78 0000011815c1a160
0x0000000bf4efea68:   0000000000000000 0000000000008058
0x0000000bf4efea78:   0000000000000000 0000000000000de1
0x0000000bf4efea88:   00007fffdee302f4 0000011800000de1
0x0000000bf4efea98:   0000000000000000 0000000000008058
0x0000000bf4efeaa8:   0000000000000040 0000000b00000040
0x0000000bf4efeab8:   0000000b00000000 0000011800001908
0x0000000bf4efeac8:   0000000000001401 0000011816a10000
0x0000000bf4efead8:   00007ff8170e77c3 000001180000b603
0x0000000bf4efeae8:   00007ffff3b5cab5 0000000000000de1 

Instructions: (pc=0x00007fffad08aedc)
0x00007fffad08aebc:   c9 0f 29 41 a0 0f 29 49 b0 0f 10 44 11 c0 0f 10
0x00007fffad08aecc:   4c 11 d0 0f 29 41 c0 0f 29 49 d0 0f 10 44 11 e0
0x00007fffad08aedc:   0f 10 4c 11 f0 75 ad 0f 29 41 e0 49 83 e0 7f 0f
0x00007fffad08aeec:   28 c1 eb 1a 0f ba 25 e8 81 5a 01 02 0f 82 42 fd 



---------------  P R O C E S S  ---------------

Java Threads: ( => current thread )
  0x000001187cf4f000 JavaThread "Service Thread" daemon [_thread_blocked, id=628, stack(0x0000000bf6900000,0x0000000bf6a00000)]
  0x000001187ccfc800 JavaThread "Common-Cleaner" daemon [_thread_blocked, id=1984, stack(0x0000000bf6800000,0x0000000bf6900000)]
  0x000001187cb53000 JavaThread "Sweeper thread" daemon [_thread_blocked, id=10836, stack(0x0000000bf6700000,0x0000000bf6800000)]
  0x000001187cb40800 JavaThread "C1 CompilerThread2" daemon [_thread_blocked, id=16564, stack(0x0000000bf6600000,0x0000000bf6700000)]
  0x000001187cb3e000 JavaThread "C2 CompilerThread1" daemon [_thread_blocked, id=6320, stack(0x0000000bf6500000,0x0000000bf6600000)]
  0x000001187cb3b000 JavaThread "C2 CompilerThread0" daemon [_thread_blocked, id=4912, stack(0x0000000bf6400000,0x0000000bf6500000)]
  0x000001187cb39000 JavaThread "Attach Listener" daemon [_thread_blocked, id=2928, stack(0x0000000bf6300000,0x0000000bf6400000)]
  0x000001187cb38800 JavaThread "Signal Dispatcher" daemon [_thread_blocked, id=4056, stack(0x0000000bf6200000,0x0000000bf6300000)]
  0x000001187cb2a800 JavaThread "Finalizer" daemon [_thread_blocked, id=5132, stack(0x0000000bf6100000,0x0000000bf6200000)]
  0x000001187cae8000 JavaThread "Reference Handler" daemon [_thread_blocked, id=16676, stack(0x0000000bf6000000,0x0000000bf6100000)]
=>0x0000011868176800 JavaThread "main" [_thread_in_native, id=8476, stack(0x0000000bf4e00000,0x0000000bf4f00000)]

Other Threads:
  0x000001187cacf800 VMThread "VM Thread" [stack: 0x0000000bf5f00000,0x0000000bf6000000] [id=17360]
  0x000001187cbce800 WatcherThread [stack: 0x0000000bf6a00000,0x0000000bf6b00000] [id=2952]
  0x000001186818f800 GCTaskThread "GC Thread#0" [stack: 0x0000000bf4f00000,0x0000000bf5000000] [id=4848]
  0x0000011868191000 GCTaskThread "GC Thread#1" [stack: 0x0000000bf5000000,0x0000000bf5100000] [id=15392]
  0x0000011868193000 GCTaskThread "GC Thread#2" [stack: 0x0000000bf5100000,0x0000000bf5200000] [id=5220]
  0x0000011868197000 GCTaskThread "GC Thread#3" [stack: 0x0000000bf5200000,0x0000000bf5300000] [id=9408]
  0x000001186819a000 GCTaskThread "GC Thread#4" [stack: 0x0000000bf5300000,0x0000000bf5400000] [id=12912]
  0x000001186819d800 GCTaskThread "GC Thread#5" [stack: 0x0000000bf5400000,0x0000000bf5500000] [id=12988]
  0x00000118799e4800 ConcurrentGCThread "G1 Main Marker" [stack: 0x0000000bf5c00000,0x0000000bf5d00000] [id=13892]
  0x00000118799e5000 ConcurrentGCThread "G1 Marker#0" [stack: 0x0000000bf5d00000,0x0000000bf5e00000] [id=14664]
  0x00000118799e7800 ConcurrentGCThread "G1 Marker#1" [stack: 0x0000000bf5e00000,0x0000000bf5f00000] [id=11008]
  0x00000118681b9000 ConcurrentGCThread "G1 Refine#0" [stack: 0x0000000bf5a00000,0x0000000bf5b00000] [id=8128]
  0x00000118681ad000 ConcurrentGCThread "G1 Refine#1" [stack: 0x0000000bf5900000,0x0000000bf5a00000] [id=2000]
  0x00000118681ab000 ConcurrentGCThread "G1 Refine#2" [stack: 0x0000000bf5800000,0x0000000bf5900000] [id=1716]
  0x00000118681aa000 ConcurrentGCThread "G1 Refine#3" [stack: 0x0000000bf5700000,0x0000000bf5800000] [id=10036]
  0x00000118681a5000 ConcurrentGCThread "G1 Refine#4" [stack: 0x0000000bf5600000,0x0000000bf5700000] [id=16752]
  0x00000118681a0000 ConcurrentGCThread "G1 Refine#5" [stack: 0x0000000bf5500000,0x0000000bf5600000] [id=15908]
  0x00000118681ba000 ConcurrentGCThread "G1 Young RemSet Sampling" [stack: 0x0000000bf5b00000,0x0000000bf5c00000] [id=2584]

Threads with active compile tasks:

VM state:not at safepoint (normal execution)

VM Mutex/Monitor currently owned by a thread: None

Heap address: 0x0000000080000000, size: 2048 MB, Compressed Oops mode: 32-bit
Narrow klass base: 0x0000000000000000, Narrow klass shift: 3
Compressed class space size: 1073741824 Address: 0x0000000100000000

Heap:
 garbage-first heap   total 131072K, used 17238K [0x0000000080000000, 0x0000000080100400, 0x0000000100000000)
  region size 1024K, 16 young (16384K), 3 survivors (3072K)
 Metaspace       used 12537K, capacity 12845K, committed 13056K, reserved 1060864K
  class space    used 911K, capacity 1000K, committed 1024K, reserved 1048576K
Heap Regions: E=young(eden), S=young(survivor), O=old, HS=humongous(starts), HC=humongous(continues), CS=collection set, F=free, A=archive, TS=gc time stamp, AC=allocation context, TAMS=top-at-mark-start (previous, next)
|   0|0x0000000080000000, 0x0000000080100000, 0x0000000080100000|100%| O|  |TS  1|AC  0|TAMS 0x0000000080000000, 0x0000000080000000|
|   1|0x0000000080100000, 0x00000000801d5a00, 0x0000000080200000| 83%| O|  |TS  1|AC  0|TAMS 0x0000000080100000, 0x0000000080100000|
|   2|0x0000000080200000, 0x0000000080200000, 0x0000000080300000|  0%| F|  |TS  0|AC  0|TAMS 0x0000000080200000, 0x0000000080200000|
|   3|0x0000000080300000, 0x0000000080300000, 0x0000000080400000|  0%| F|  |TS  0|AC  0|TAMS 0x0000000080300000, 0x0000000080300000|
|   4|0x0000000080400000, 0x0000000080400000, 0x0000000080500000|  0%| F|  |TS  0|AC  0|TAMS 0x0000000080400000, 0x0000000080400000|
|   5|0x0000000080500000, 0x0000000080500000, 0x0000000080600000|  0%| F|  |TS  0|AC  0|TAMS 0x0000000080500000, 0x0000000080500000|
|   6|0x0000000080600000, 0x0000000080600000, 0x0000000080700000|  0%| F|  |TS  0|AC  0|TAMS 0x0000000080600000, 0x0000000080600000|
|   7|0x0000000080700000, 0x0000000080700000, 0x0000000080800000|  0%| F|  |TS  0|AC  0|TAMS 0x0000000080700000, 0x0000000080700000|
|   8|0x0000000080800000, 0x0000000080800000, 0x0000000080900000|  0%| F|  |TS  0|AC  0|TAMS 0x0000000080800000, 0x0000000080800000|
|   9|0x0000000080900000, 0x0000000080900000, 0x0000000080a00000|  0%| F|  |TS  0|AC  0|TAMS 0x0000000080900000, 0x0000000080900000|
|  10|0x0000000080a00000, 0x0000000080a00000, 0x0000000080b00000|  0%| F|  |TS  0|AC  0|TAMS 0x0000000080a00000, 0x0000000080a00000|
|  11|0x0000000080b00000, 0x0000000080b00000, 0x0000000080c00000|  0%| F|  |TS  0|AC  0|TAMS 0x0000000080b00000, 0x0000000080b00000|
|  12|0x0000000080c00000, 0x0000000080c00000, 0x0000000080d00000|  0%| F|  |TS  0|AC  0|TAMS 0x0000000080c00000, 0x0000000080c00000|
|  13|0x0000000080d00000, 0x0000000080d00000, 0x0000000080e00000|  0%| F|  |TS  0|AC  0|TAMS 0x0000000080d00000, 0x0000000080d00000|
|  14|0x0000000080e00000, 0x0000000080e00000, 0x0000000080f00000|  0%| F|  |TS  0|AC  0|TAMS 0x0000000080e00000, 0x0000000080e00000|
|  15|0x0000000080f00000, 0x0000000080f00000, 0x0000000081000000|  0%| F|  |TS  0|AC  0|TAMS 0x0000000080f00000, 0x0000000080f00000|
|  16|0x0000000081000000, 0x0000000081000000, 0x0000000081100000|  0%| F|  |TS  0|AC  0|TAMS 0x0000000081000000, 0x0000000081000000|
|  17|0x0000000081100000, 0x0000000081100000, 0x0000000081200000|  0%| F|  |TS  0|AC  0|TAMS 0x0000000081100000, 0x0000000081100000|
|  18|0x0000000081200000, 0x0000000081200000, 0x0000000081300000|  0%| F|  |TS  0|AC  0|TAMS 0x0000000081200000, 0x0000000081200000|
|  19|0x0000000081300000, 0x0000000081300000, 0x0000000081400000|  0%| F|  |TS  0|AC  0|TAMS 0x0000000081300000, 0x0000000081300000|
|  20|0x0000000081400000, 0x0000000081400000, 0x0000000081500000|  0%| F|  |TS  0|AC  0|TAMS 0x0000000081400000, 0x0000000081400000|
|  21|0x0000000081500000, 0x0000000081500000, 0x0000000081600000|  0%| F|  |TS  0|AC  0|TAMS 0x0000000081500000, 0x0000000081500000|
|  22|0x0000000081600000, 0x0000000081600000, 0x0000000081700000|  0%| F|  |TS  0|AC  0|TAMS 0x0000000081600000, 0x0000000081600000|
|  23|0x0000000081700000, 0x0000000081700000, 0x0000000081800000|  0%| F|  |TS  0|AC  0|TAMS 0x0000000081700000, 0x0000000081700000|
|  24|0x0000000081800000, 0x0000000081800000, 0x0000000081900000|  0%| F|  |TS  0|AC  0|TAMS 0x0000000081800000, 0x0000000081800000|
|  25|0x0000000081900000, 0x0000000081900000, 0x0000000081a00000|  0%| F|  |TS  0|AC  0|TAMS 0x0000000081900000, 0x0000000081900000|
|  26|0x0000000081a00000, 0x0000000081a00000, 0x0000000081b00000|  0%| F|  |TS  0|AC  0|TAMS 0x0000000081a00000, 0x0000000081a00000|
|  27|0x0000000081b00000, 0x0000000081b00000, 0x0000000081c00000|  0%| F|  |TS  0|AC  0|TAMS 0x0000000081b00000, 0x0000000081b00000|
|  28|0x0000000081c00000, 0x0000000081c00000, 0x0000000081d00000|  0%| F|  |TS  0|AC  0|TAMS 0x0000000081c00000, 0x0000000081c00000|
|  29|0x0000000081d00000, 0x0000000081d00000, 0x0000000081e00000|  0%| F|  |TS  0|AC  0|TAMS 0x0000000081d00000, 0x0000000081d00000|
|  30|0x0000000081e00000, 0x0000000081e00000, 0x0000000081f00000|  0%| F|  |TS  0|AC  0|TAMS 0x0000000081e00000, 0x0000000081e00000|
|  31|0x0000000081f00000, 0x0000000081f00000, 0x0000000082000000|  0%| F|  |TS  0|AC  0|TAMS 0x0000000081f00000, 0x0000000081f00000|
|  32|0x0000000082000000, 0x0000000082000000, 0x0000000082100000|  0%| F|  |TS  0|AC  0|TAMS 0x0000000082000000, 0x0000000082000000|
|  33|0x0000000082100000, 0x0000000082100000, 0x0000000082200000|  0%| F|  |TS  0|AC  0|TAMS 0x0000000082100000, 0x0000000082100000|
|  34|0x0000000082200000, 0x0000000082200000, 0x0000000082300000|  0%| F|  |TS  0|AC  0|TAMS 0x0000000082200000, 0x0000000082200000|
|  35|0x0000000082300000, 0x0000000082300000, 0x0000000082400000|  0%| F|  |TS  0|AC  0|TAMS 0x0000000082300000, 0x0000000082300000|
|  36|0x0000000082400000, 0x0000000082400000, 0x0000000082500000|  0%| F|  |TS  0|AC  0|TAMS 0x0000000082400000, 0x0000000082400000|
|  37|0x0000000082500000, 0x0000000082500000, 0x0000000082600000|  0%| F|  |TS  0|AC  0|TAMS 0x0000000082500000, 0x0000000082500000|
|  38|0x0000000082600000, 0x0000000082600000, 0x0000000082700000|  0%| F|  |TS  0|AC  0|TAMS 0x0000000082600000, 0x0000000082600000|
|  39|0x0000000082700000, 0x0000000082700000, 0x0000000082800000|  0%| F|  |TS  0|AC  0|TAMS 0x0000000082700000, 0x0000000082700000|
|  40|0x0000000082800000, 0x0000000082800000, 0x0000000082900000|  0%| F|  |TS  0|AC  0|TAMS 0x0000000082800000, 0x0000000082800000|
|  41|0x0000000082900000, 0x0000000082900000, 0x0000000082a00000|  0%| F|  |TS  0|AC  0|TAMS 0x0000000082900000, 0x0000000082900000|
|  42|0x0000000082a00000, 0x0000000082a00000, 0x0000000082b00000|  0%| F|  |TS  0|AC  0|TAMS 0x0000000082a00000, 0x0000000082a00000|
|  43|0x0000000082b00000, 0x0000000082b00000, 0x0000000082c00000|  0%| F|  |TS  0|AC  0|TAMS 0x0000000082b00000, 0x0000000082b00000|
|  44|0x0000000082c00000, 0x0000000082c00000, 0x0000000082d00000|  0%| F|  |TS  0|AC  0|TAMS 0x0000000082c00000, 0x0000000082c00000|
|  45|0x0000000082d00000, 0x0000000082d00000, 0x0000000082e00000|  0%| F|  |TS  0|AC  0|TAMS 0x0000000082d00000, 0x0000000082d00000|
|  46|0x0000000082e00000, 0x0000000082e00000, 0x0000000082f00000|  0%| F|  |TS  0|AC  0|TAMS 0x0000000082e00000, 0x0000000082e00000|
|  47|0x0000000082f00000, 0x0000000082f00000, 0x0000000083000000|  0%| F|  |TS  0|AC  0|TAMS 0x0000000082f00000, 0x0000000082f00000|
|  48|0x0000000083000000, 0x0000000083000000, 0x0000000083100000|  0%| F|  |TS  0|AC  0|TAMS 0x0000000083000000, 0x0000000083000000|
|  49|0x0000000083100000, 0x0000000083100000, 0x0000000083200000|  0%| F|  |TS  0|AC  0|TAMS 0x0000000083100000, 0x0000000083100000|
|  50|0x0000000083200000, 0x0000000083200000, 0x0000000083300000|  0%| F|  |TS  0|AC  0|TAMS 0x0000000083200000, 0x0000000083200000|
|  51|0x0000000083300000, 0x0000000083300000, 0x0000000083400000|  0%| F|  |TS  0|AC  0|TAMS 0x0000000083300000, 0x0000000083300000|
|  52|0x0000000083400000, 0x0000000083400000, 0x0000000083500000|  0%| F|  |TS  0|AC  0|TAMS 0x0000000083400000, 0x0000000083400000|
|  53|0x0000000083500000, 0x0000000083500000, 0x0000000083600000|  0%| F|  |TS  0|AC  0|TAMS 0x0000000083500000, 0x0000000083500000|
|  54|0x0000000083600000, 0x0000000083600000, 0x0000000083700000|  0%| F|  |TS  0|AC  0|TAMS 0x0000000083600000, 0x0000000083600000|
|  55|0x0000000083700000, 0x0000000083700000, 0x0000000083800000|  0%| F|  |TS  0|AC  0|TAMS 0x0000000083700000, 0x0000000083700000|
|  56|0x0000000083800000, 0x0000000083800000, 0x0000000083900000|  0%| F|  |TS  0|AC  0|TAMS 0x0000000083800000, 0x0000000083800000|
|  57|0x0000000083900000, 0x0000000083900000, 0x0000000083a00000|  0%| F|  |TS  0|AC  0|TAMS 0x0000000083900000, 0x0000000083900000|
|  58|0x0000000083a00000, 0x0000000083a00000, 0x0000000083b00000|  0%| F|  |TS  0|AC  0|TAMS 0x0000000083a00000, 0x0000000083a00000|
|  59|0x0000000083b00000, 0x0000000083b00000, 0x0000000083c00000|  0%| F|  |TS  0|AC  0|TAMS 0x0000000083b00000, 0x0000000083b00000|
|  60|0x0000000083c00000, 0x0000000083c00000, 0x0000000083d00000|  0%| F|  |TS  0|AC  0|TAMS 0x0000000083c00000, 0x0000000083c00000|
|  61|0x0000000083d00000, 0x0000000083d00000, 0x0000000083e00000|  0%| F|  |TS  0|AC  0|TAMS 0x0000000083d00000, 0x0000000083d00000|
|  62|0x0000000083e00000, 0x0000000083e00000, 0x0000000083f00000|  0%| F|  |TS  0|AC  0|TAMS 0x0000000083e00000, 0x0000000083e00000|
|  63|0x0000000083f00000, 0x0000000083f00000, 0x0000000084000000|  0%| F|  |TS  0|AC  0|TAMS 0x0000000083f00000, 0x0000000083f00000|
|  64|0x0000000084000000, 0x0000000084000000, 0x0000000084100000|  0%| F|  |TS  0|AC  0|TAMS 0x0000000084000000, 0x0000000084000000|
|  65|0x0000000084100000, 0x0000000084100000, 0x0000000084200000|  0%| F|  |TS  0|AC  0|TAMS 0x0000000084100000, 0x0000000084100000|
|  66|0x0000000084200000, 0x0000000084200000, 0x0000000084300000|  0%| F|  |TS  0|AC  0|TAMS 0x0000000084200000, 0x0000000084200000|
|  67|0x0000000084300000, 0x0000000084300000, 0x0000000084400000|  0%| F|  |TS  0|AC  0|TAMS 0x0000000084300000, 0x0000000084300000|
|  68|0x0000000084400000, 0x0000000084400000, 0x0000000084500000|  0%| F|  |TS  0|AC  0|TAMS 0x0000000084400000, 0x0000000084400000|
|  69|0x0000000084500000, 0x0000000084500000, 0x0000000084600000|  0%| F|  |TS  0|AC  0|TAMS 0x0000000084500000, 0x0000000084500000|
|  70|0x0000000084600000, 0x0000000084600000, 0x0000000084700000|  0%| F|  |TS  0|AC  0|TAMS 0x0000000084600000, 0x0000000084600000|
|  71|0x0000000084700000, 0x0000000084700000, 0x0000000084800000|  0%| F|  |TS  0|AC  0|TAMS 0x0000000084700000, 0x0000000084700000|
|  72|0x0000000084800000, 0x0000000084800000, 0x0000000084900000|  0%| F|  |TS  0|AC  0|TAMS 0x0000000084800000, 0x0000000084800000|
|  73|0x0000000084900000, 0x0000000084900000, 0x0000000084a00000|  0%| F|  |TS  0|AC  0|TAMS 0x0000000084900000, 0x0000000084900000|
|  74|0x0000000084a00000, 0x0000000084a00000, 0x0000000084b00000|  0%| F|  |TS  0|AC  0|TAMS 0x0000000084a00000, 0x0000000084a00000|
|  75|0x0000000084b00000, 0x0000000084b00000, 0x0000000084c00000|  0%| F|  |TS  0|AC  0|TAMS 0x0000000084b00000, 0x0000000084b00000|
|  76|0x0000000084c00000, 0x0000000084c00000, 0x0000000084d00000|  0%| F|  |TS  0|AC  0|TAMS 0x0000000084c00000, 0x0000000084c00000|
|  77|0x0000000084d00000, 0x0000000084d00000, 0x0000000084e00000|  0%| F|  |TS  0|AC  0|TAMS 0x0000000084d00000, 0x0000000084d00000|
|  78|0x0000000084e00000, 0x0000000084e00000, 0x0000000084f00000|  0%| F|  |TS  0|AC  0|TAMS 0x0000000084e00000, 0x0000000084e00000|
|  79|0x0000000084f00000, 0x0000000084f00000, 0x0000000085000000|  0%| F|  |TS  0|AC  0|TAMS 0x0000000084f00000, 0x0000000084f00000|
|  80|0x0000000085000000, 0x0000000085000000, 0x0000000085100000|  0%| F|  |TS  0|AC  0|TAMS 0x0000000085000000, 0x0000000085000000|
|  81|0x0000000085100000, 0x0000000085100000, 0x0000000085200000|  0%| F|  |TS  0|AC  0|TAMS 0x0000000085100000, 0x0000000085100000|
|  82|0x0000000085200000, 0x0000000085200000, 0x0000000085300000|  0%| F|  |TS  0|AC  0|TAMS 0x0000000085200000, 0x0000000085200000|
|  83|0x0000000085300000, 0x0000000085300000, 0x0000000085400000|  0%| F|  |TS  0|AC  0|TAMS 0x0000000085300000, 0x0000000085300000|
|  84|0x0000000085400000, 0x0000000085400000, 0x0000000085500000|  0%| F|  |TS  0|AC  0|TAMS 0x0000000085400000, 0x0000000085400000|
|  85|0x0000000085500000, 0x0000000085500000, 0x0000000085600000|  0%| F|  |TS  0|AC  0|TAMS 0x0000000085500000, 0x0000000085500000|
|  86|0x0000000085600000, 0x0000000085600000, 0x0000000085700000|  0%| F|  |TS  0|AC  0|TAMS 0x0000000085600000, 0x0000000085600000|
|  87|0x0000000085700000, 0x0000000085700000, 0x0000000085800000|  0%| F|  |TS  0|AC  0|TAMS 0x0000000085700000, 0x0000000085700000|
|  88|0x0000000085800000, 0x0000000085800000, 0x0000000085900000|  0%| F|  |TS  0|AC  0|TAMS 0x0000000085800000, 0x0000000085800000|
|  89|0x0000000085900000, 0x0000000085900000, 0x0000000085a00000|  0%| F|  |TS  0|AC  0|TAMS 0x0000000085900000, 0x0000000085900000|
|  90|0x0000000085a00000, 0x0000000085a00000, 0x0000000085b00000|  0%| F|  |TS  0|AC  0|TAMS 0x0000000085a00000, 0x0000000085a00000|
|  91|0x0000000085b00000, 0x0000000085b00000, 0x0000000085c00000|  0%| F|  |TS  0|AC  0|TAMS 0x0000000085b00000, 0x0000000085b00000|
|  92|0x0000000085c00000, 0x0000000085c00000, 0x0000000085d00000|  0%| F|  |TS  0|AC  0|TAMS 0x0000000085c00000, 0x0000000085c00000|
|  93|0x0000000085d00000, 0x0000000085d00000, 0x0000000085e00000|  0%| F|  |TS  0|AC  0|TAMS 0x0000000085d00000, 0x0000000085d00000|
|  94|0x0000000085e00000, 0x0000000085e00000, 0x0000000085f00000|  0%| F|  |TS  0|AC  0|TAMS 0x0000000085e00000, 0x0000000085e00000|
|  95|0x0000000085f00000, 0x0000000085f00000, 0x0000000086000000|  0%| F|  |TS  0|AC  0|TAMS 0x0000000085f00000, 0x0000000085f00000|
|  96|0x0000000086000000, 0x0000000086000000, 0x0000000086100000|  0%| F|  |TS  0|AC  0|TAMS 0x0000000086000000, 0x0000000086000000|
|  97|0x0000000086100000, 0x0000000086100000, 0x0000000086200000|  0%| F|  |TS  0|AC  0|TAMS 0x0000000086100000, 0x0000000086100000|
|  98|0x0000000086200000, 0x0000000086200000, 0x0000000086300000|  0%| F|  |TS  0|AC  0|TAMS 0x0000000086200000, 0x0000000086200000|
|  99|0x0000000086300000, 0x0000000086300000, 0x0000000086400000|  0%| F|  |TS  0|AC  0|TAMS 0x0000000086300000, 0x0000000086300000|
| 100|0x0000000086400000, 0x0000000086400000, 0x0000000086500000|  0%| F|  |TS  0|AC  0|TAMS 0x0000000086400000, 0x0000000086400000|
| 101|0x0000000086500000, 0x0000000086500000, 0x0000000086600000|  0%| F|  |TS  0|AC  0|TAMS 0x0000000086500000, 0x0000000086500000|
| 102|0x0000000086600000, 0x0000000086600000, 0x0000000086700000|  0%| F|  |TS  0|AC  0|TAMS 0x0000000086600000, 0x0000000086600000|
| 103|0x0000000086700000, 0x0000000086800000, 0x0000000086800000|100%| S|CS|TS  1|AC  0|TAMS 0x0000000086700000, 0x0000000086700000|
| 104|0x0000000086800000, 0x0000000086900000, 0x0000000086900000|100%| S|CS|TS  1|AC  0|TAMS 0x0000000086800000, 0x0000000086800000|
| 105|0x0000000086900000, 0x0000000086a00000, 0x0000000086a00000|100%| S|CS|TS  1|AC  0|TAMS 0x0000000086900000, 0x0000000086900000|
| 106|0x0000000086a00000, 0x0000000086a00000, 0x0000000086b00000|  0%| F|  |TS  1|AC  0|TAMS 0x0000000086a00000, 0x0000000086a00000|
| 107|0x0000000086b00000, 0x0000000086b00000, 0x0000000086c00000|  0%| F|  |TS  1|AC  0|TAMS 0x0000000086b00000, 0x0000000086b00000|
| 108|0x0000000086c00000, 0x0000000086c00000, 0x0000000086d00000|  0%| F|  |TS  1|AC  0|TAMS 0x0000000086c00000, 0x0000000086c00000|
| 109|0x0000000086d00000, 0x0000000086d00000, 0x0000000086e00000|  0%| F|  |TS  1|AC  0|TAMS 0x0000000086d00000, 0x0000000086d00000|
| 110|0x0000000086e00000, 0x0000000086e00000, 0x0000000086f00000|  0%| F|  |TS  1|AC  0|TAMS 0x0000000086e00000, 0x0000000086e00000|
| 111|0x0000000086f00000, 0x0000000086f00000, 0x0000000087000000|  0%| F|  |TS  1|AC  0|TAMS 0x0000000086f00000, 0x0000000086f00000|
| 112|0x0000000087000000, 0x0000000087000000, 0x0000000087100000|  0%| F|  |TS  1|AC  0|TAMS 0x0000000087000000, 0x0000000087000000|
| 113|0x0000000087100000, 0x0000000087100000, 0x0000000087200000|  0%| F|  |TS  1|AC  0|TAMS 0x0000000087100000, 0x0000000087100000|
| 114|0x0000000087200000, 0x0000000087200000, 0x0000000087300000|  0%| F|  |TS  1|AC  0|TAMS 0x0000000087200000, 0x0000000087200000|
| 115|0x0000000087300000, 0x0000000087400000, 0x0000000087400000|100%| E|  |TS  1|AC  0|TAMS 0x0000000087300000, 0x0000000087300000|
| 116|0x0000000087400000, 0x0000000087500000, 0x0000000087500000|100%| E|CS|TS  1|AC  0|TAMS 0x0000000087400000, 0x0000000087400000|
| 117|0x0000000087500000, 0x0000000087600000, 0x0000000087600000|100%| E|CS|TS  1|AC  0|TAMS 0x0000000087500000, 0x0000000087500000|
| 118|0x0000000087600000, 0x0000000087700000, 0x0000000087700000|100%| E|CS|TS  1|AC  0|TAMS 0x0000000087600000, 0x0000000087600000|
| 119|0x0000000087700000, 0x0000000087800000, 0x0000000087800000|100%| E|CS|TS  1|AC  0|TAMS 0x0000000087700000, 0x0000000087700000|
| 120|0x0000000087800000, 0x0000000087900000, 0x0000000087900000|100%| E|CS|TS  1|AC  0|TAMS 0x0000000087800000, 0x0000000087800000|
| 121|0x0000000087900000, 0x0000000087a00000, 0x0000000087a00000|100%| E|CS|TS  1|AC  0|TAMS 0x0000000087900000, 0x0000000087900000|
| 122|0x0000000087a00000, 0x0000000087b00000, 0x0000000087b00000|100%| E|CS|TS  1|AC  0|TAMS 0x0000000087a00000, 0x0000000087a00000|
| 123|0x0000000087b00000, 0x0000000087c00000, 0x0000000087c00000|100%| E|CS|TS  1|AC  0|TAMS 0x0000000087b00000, 0x0000000087b00000|
| 124|0x0000000087c00000, 0x0000000087d00000, 0x0000000087d00000|100%| E|CS|TS  1|AC  0|TAMS 0x0000000087c00000, 0x0000000087c00000|
| 125|0x0000000087d00000, 0x0000000087e00000, 0x0000000087e00000|100%| E|CS|TS  1|AC  0|TAMS 0x0000000087d00000, 0x0000000087d00000|
| 126|0x0000000087e00000, 0x0000000087f00000, 0x0000000087f00000|100%| E|CS|TS  1|AC  0|TAMS 0x0000000087e00000, 0x0000000087e00000|
| 127|0x0000000087f00000, 0x0000000088000000, 0x0000000088000000|100%| E|CS|TS  1|AC  0|TAMS 0x0000000087f00000, 0x0000000087f00000|

Card table byte_map: [0x00000118751e0000,0x00000118755e0000] byte_map_base: 0x0000011874de0000

Marking Bits (Prev, Next): (CMBitMap*) 0x00000118799e3a30, (CMBitMap*) 0x00000118799e3a68
 Prev Bits: [0x00000118759e0000, 0x00000118779e0000)
 Next Bits: [0x00000118779e0000, 0x00000118799e0000)

Polling page: 0x0000011868100000

CodeHeap 'non-profiled nmethods': size=120064Kb used=443Kb max_used=443Kb free=119621Kb
 bounds [0x0000011807ac0000, 0x0000011807d30000, 0x000001180f000000]
CodeHeap 'profiled nmethods': size=120000Kb used=2342Kb max_used=2342Kb free=117657Kb
 bounds [0x0000011800590000, 0x0000011800800000, 0x0000011807ac0000]
CodeHeap 'non-nmethods': size=5696Kb used=1602Kb max_used=1613Kb free=4094Kb
 bounds [0x0000011800000000, 0x0000011800270000, 0x0000011800590000]
 total_blobs=2448 nmethods=1196 adapters=887
 compilation: enabled

Compilation events (10 events):
Event: 2.228 Thread 0x000001187cb3b000 1194       4       java.nio.HeapByteBuffer::get (14 bytes)
Event: 2.228 Thread 0x000001187cb40800 nmethod 1191 0x00000118007d3210 code [0x00000118007d33c0, 0x00000118007d35d0]
Event: 2.228 Thread 0x000001187cb3e000 nmethod 1193 0x0000011807b2e590 code [0x0000011807b2e720, 0x0000011807b2e7d8]
Event: 2.229 Thread 0x000001187cb3b000 nmethod 1194 0x0000011807b2e890 code [0x0000011807b2ea20, 0x0000011807b2eaf8]
Event: 2.231 Thread 0x000001187cb40800 1195   !   3       java.util.zip.ZipFile::getInputStream (336 bytes)
Event: 2.233 Thread 0x000001187cb40800 nmethod 1195 0x00000118007d3690 code [0x00000118007d3a40, 0x00000118007d5520]
Event: 2.234 Thread 0x000001187cb40800 1196 % !   3       edu.utc.game.Sound::<init> @ 115 (209 bytes)
Event: 2.236 Thread 0x000001187cb40800 nmethod 1196% 0x00000118007d6410 code [0x00000118007d6840, 0x00000118007d8490]
Event: 2.236 Thread 0x000001187cb40800 1197       3       java.util.regex.Pattern::peek (26 bytes)
Event: 2.237 Thread 0x000001187cb40800 nmethod 1197 0x00000118007d9510 code [0x00000118007d96e0, 0x00000118007d9990]

GC Heap History (2 events):
Event: 1.912 GC heap before
{Heap before GC invocations=0 (full 0):
 garbage-first heap   total 131072K, used 22528K [0x0000000080000000, 0x0000000080100400, 0x0000000100000000)
  region size 1024K, 22 young (22528K), 0 survivors (0K)
 Metaspace       used 10005K, capacity 10157K, committed 10368K, reserved 1058816K
  class space    used 702K, capacity 770K, committed 896K, reserved 1048576K
}
Event: 1.921 GC heap after
{Heap after GC invocations=1 (full 0):
 garbage-first heap   total 131072K, used 4950K [0x0000000080000000, 0x0000000080100400, 0x0000000100000000)
  region size 1024K, 3 young (3072K), 3 survivors (3072K)
 Metaspace       used 10005K, capacity 10157K, committed 10368K, reserved 1058816K
  class space    used 702K, capacity 770K, committed 896K, reserved 1048576K
}

Deoptimization events (10 events):
Event: 0.247 Thread 0x0000011868176800 Uncommon trap: reason=unstable_if action=reinterpret pc=0x0000011807ac6308 method=java.lang.StringLatin1.indexOf([BII)I @ 23 c2
Event: 0.258 Thread 0x0000011868176800 Uncommon trap: reason=range_check action=reinterpret pc=0x0000011807ac792c method=java.lang.StringLatin1.indexOf([BII)I @ 13 c2
Event: 0.258 Thread 0x0000011868176800 Uncommon trap: reason=range_check action=reinterpret pc=0x0000011807ac3bd4 method=java.lang.StringLatin1.indexOf([BII)I @ 13 c2
Event: 0.274 Thread 0x0000011868176800 Uncommon trap: reason=unstable_if action=reinterpret pc=0x0000011807acafa0 method=java.lang.String.equalsIgnoreCase(Ljava/lang/String;)Z @ 2 c2
Event: 0.282 Thread 0x0000011868176800 Uncommon trap: reason=unstable_if action=reinterpret pc=0x0000011807ac3498 method=java.lang.String.charAt(I)C @ 4 c2
Event: 0.284 Thread 0x0000011868176800 Uncommon trap: reason=unstable_if action=reinterpret pc=0x0000011807acbd58 method=java.lang.String.regionMatches(ZILjava/lang/String;II)Z @ 36 c2
Event: 0.307 Thread 0x0000011868176800 Uncommon trap: reason=null_check action=make_not_entrant pc=0x0000011807ac9af8 method=java.lang.String.equals(Ljava/lang/Object;)Z @ 8 c2
Event: 0.443 Thread 0x0000011868176800 Uncommon trap: reason=unstable_if action=reinterpret pc=0x0000011807ae9a7c method=java.io.WinNTFileSystem.isSlash(C)Z @ 9 c2
Event: 0.538 Thread 0x0000011868176800 Uncommon trap: reason=bimorphic_or_optimized_type_check action=maybe_recompile pc=0x0000011807af6130 method=java.util.HashMap.getNode(ILjava/lang/Object;)Ljava/util/HashMap$Node; @ 126 c2
Event: 1.613 Thread 0x0000011868176800 Uncommon trap: reason=bimorphic_or_optimized_type_check action=maybe_recompile pc=0x0000011807af6130 method=java.util.HashMap.getNode(ILjava/lang/Object;)Ljava/util/HashMap$Node; @ 126 c2

Classes redefined (0 events):
No events

Internal exceptions (10 events):
Event: 2.174 Thread 0x0000011868176800 Exception <a 'java/lang/NoSuchMethodError'{0x0000000087487ef0}: method resolution failed> (0x0000000087487ef0) thrown at [t:/workspace/hotspot/src/share/vm/prims/methodHandles.cpp, line 1256]
Event: 2.176 Thread 0x0000011868176800 Exception <a 'java/lang/NoSuchMethodError'{0x0000000087498290}: method resolution failed> (0x0000000087498290) thrown at [t:/workspace/hotspot/src/share/vm/prims/methodHandles.cpp, line 1256]
Event: 2.177 Thread 0x0000011868176800 Exception <a 'java/lang/NoSuchMethodError'{0x00000000874a7c28}: java.lang.invoke.DirectMethodHandle$Holder.invokeSpecial(Ljava/lang/Object;Ljava/lang/Object;IILjava/lang/Object;Ljava/lang/Object;Ljava/lang/Object;)Ljava/lang/Object;> (0x00000000874a7c28) 
Event: 2.178 Thread 0x0000011868176800 Exception <a 'java/lang/NoSuchMethodError'{0x00000000874ab240}: java.lang.invoke.DelegatingMethodHandle$Holder.reinvoke_L(Ljava/lang/Object;IILjava/lang/Object;Ljava/lang/Object;Ljava/lang/Object;)Ljava/lang/Object;> (0x00000000874ab240) thrown at [t:/wor
Event: 2.178 Thread 0x0000011868176800 Exception <a 'java/lang/NoSuchMethodError'{0x00000000874afc58}: method resolution failed> (0x00000000874afc58) thrown at [t:/workspace/hotspot/src/share/vm/prims/methodHandles.cpp, line 1256]
Event: 2.180 Thread 0x0000011868176800 Exception <a 'java/lang/NoSuchMethodError'{0x00000000874c4770}: method resolution failed> (0x00000000874c4770) thrown at [t:/workspace/hotspot/src/share/vm/prims/methodHandles.cpp, line 1256]
Event: 2.182 Thread 0x0000011868176800 Exception <a 'java/lang/NoSuchMethodError'{0x00000000874d9860}: method resolution failed> (0x00000000874d9860) thrown at [t:/workspace/hotspot/src/share/vm/prims/methodHandles.cpp, line 1256]
Event: 2.184 Thread 0x0000011868176800 Exception <a 'java/lang/NoSuchMethodError'{0x00000000874f05c8}: method resolution failed> (0x00000000874f05c8) thrown at [t:/workspace/hotspot/src/share/vm/prims/methodHandles.cpp, line 1256]
Event: 2.186 Thread 0x0000011868176800 Exception <a 'java/lang/NoSuchMethodError'{0x00000000873090c0}: method resolution failed> (0x00000000873090c0) thrown at [t:/workspace/hotspot/src/share/vm/prims/methodHandles.cpp, line 1256]
Event: 2.187 Thread 0x0000011868176800 Exception <a 'java/io/FileNotFoundException'{0x0000000087312608}> (0x0000000087312608) thrown at [t:/workspace/hotspot/src/share/vm/prims/jni.cpp, line 604]

Events (10 events):
Event: 2.225 loading class com/sun/media/sound/StandardFileFormat done
Event: 2.225 loading class com/sun/media/sound/WaveFileFormat done
Event: 2.231 loading class org/lwjgl/openal/AL$ICDStatic$WriteOnce
Event: 2.231 loading class org/lwjgl/openal/AL$ICDStatic$WriteOnce done
Event: 2.236 loading class Player
Event: 2.236 loading class Player done
Event: 2.237 loading class Dir
Event: 2.237 loading class Dir done
Event: 2.237 loading class edu/utc/game/Texture
Event: 2.237 loading class edu/utc/game/Texture done


Dynamic libraries:
0x00007ff760fb0000 - 0x00007ff760fee000 	C:\Program Files\Java\jdk-9.0.1\bin\javaw.exe
0x00007ff81a0e0000 - 0x00007ff81a2d0000 	C:\WINDOWS\SYSTEM32\ntdll.dll
0x00007ff818190000 - 0x00007ff818242000 	C:\WINDOWS\System32\KERNEL32.DLL
0x00007ff817070000 - 0x00007ff817313000 	C:\WINDOWS\System32\KERNELBASE.dll
0x00007ff818250000 - 0x00007ff8182f3000 	C:\WINDOWS\System32\ADVAPI32.dll
0x00007ff818930000 - 0x00007ff8189ce000 	C:\WINDOWS\System32\msvcrt.dll
0x00007ff8195f0000 - 0x00007ff819687000 	C:\WINDOWS\System32\sechost.dll
0x00007ff819700000 - 0x00007ff819820000 	C:\WINDOWS\System32\RPCRT4.dll
0x00007ff8189d0000 - 0x00007ff818b64000 	C:\WINDOWS\System32\USER32.dll
0x00007ff818130000 - 0x00007ff818151000 	C:\WINDOWS\System32\win32u.dll
0x00007ff81a030000 - 0x00007ff81a056000 	C:\WINDOWS\System32\GDI32.dll
0x00007ff8174e0000 - 0x00007ff817674000 	C:\WINDOWS\System32\gdi32full.dll
0x00007ff817440000 - 0x00007ff8174de000 	C:\WINDOWS\System32\msvcp_win.dll
0x00007ff817340000 - 0x00007ff81743a000 	C:\WINDOWS\System32\ucrtbase.dll
0x00007ff80a520000 - 0x00007ff80a7a5000 	C:\WINDOWS\WinSxS\amd64_microsoft.windows.common-controls_6595b64144ccf1df_6.0.18362.476_none_e6c4b11b130f2595\COMCTL32.dll
0x00007ff819ae0000 - 0x00007ff819e16000 	C:\WINDOWS\System32\combase.dll
0x00007ff811880000 - 0x00007ff81188a000 	C:\WINDOWS\SYSTEM32\VERSION.dll
0x00007ff818060000 - 0x00007ff8180e0000 	C:\WINDOWS\System32\bcryptPrimitives.dll
0x00007ff818160000 - 0x00007ff81818e000 	C:\WINDOWS\System32\IMM32.DLL
0x00007ffff3bb0000 - 0x00007ffff3c9f000 	C:\Program Files\Java\jdk-9.0.1\bin\msvcr120.dll
0x00007fffefed0000 - 0x00007fffeff76000 	C:\Program Files\Java\jdk-9.0.1\bin\msvcp120.dll
0x0000000057aa0000 - 0x00000000584c4000 	C:\Program Files\Java\jdk-9.0.1\bin\server\jvm.dll
0x00007ff81a060000 - 0x00007ff81a068000 	C:\WINDOWS\System32\PSAPI.DLL
0x00007ff80b860000 - 0x00007ff80b869000 	C:\WINDOWS\SYSTEM32\WSOCK32.dll
0x00007ff814dd0000 - 0x00007ff814df4000 	C:\WINDOWS\SYSTEM32\WINMM.dll
0x00007ff819820000 - 0x00007ff81988f000 	C:\WINDOWS\System32\WS2_32.dll
0x00007ff814ca0000 - 0x00007ff814ccd000 	C:\WINDOWS\SYSTEM32\WINMMBASE.dll
0x00007ff8180e0000 - 0x00007ff81812a000 	C:\WINDOWS\System32\cfgmgr32.dll
0x00007ff806fd0000 - 0x00007ff806fdf000 	C:\Program Files\Java\jdk-9.0.1\bin\verify.dll
0x00007ff806fa0000 - 0x00007ff806fc7000 	C:\Program Files\Java\jdk-9.0.1\bin\java.dll
0x00007ff806f80000 - 0x00007ff806f96000 	C:\Program Files\Java\jdk-9.0.1\bin\zip.dll
0x00007ff806f70000 - 0x00007ff806f7a000 	C:\Program Files\Java\jdk-9.0.1\bin\jimage.dll
0x00007ff818c40000 - 0x00007ff819325000 	C:\WINDOWS\System32\SHELL32.dll
0x00007ff819540000 - 0x00007ff8195e9000 	C:\WINDOWS\System32\shcore.dll
0x00007ff817880000 - 0x00007ff817ffe000 	C:\WINDOWS\System32\windows.storage.dll
0x00007ff816f90000 - 0x00007ff816faf000 	C:\WINDOWS\System32\profapi.dll
0x00007ff816ff0000 - 0x00007ff81703a000 	C:\WINDOWS\System32\powrprof.dll
0x00007ff816f80000 - 0x00007ff816f90000 	C:\WINDOWS\System32\UMPDC.dll
0x00007ff8196a0000 - 0x00007ff8196f2000 	C:\WINDOWS\System32\shlwapi.dll
0x00007ff816fb0000 - 0x00007ff816fc1000 	C:\WINDOWS\System32\kernel.appcore.dll
0x00007ff817320000 - 0x00007ff817337000 	C:\WINDOWS\System32\cryptsp.dll
0x00007fffe1720000 - 0x00007fffe173a000 	C:\Program Files\Java\jdk-9.0.1\bin\net.dll
0x00007ff810e30000 - 0x00007ff810f20000 	C:\WINDOWS\SYSTEM32\WINHTTP.dll
0x00007ff8167f0000 - 0x00007ff816857000 	C:\WINDOWS\system32\mswsock.dll
0x00007fffe1700000 - 0x00007fffe1711000 	C:\Program Files\Java\jdk-9.0.1\bin\nio.dll
0x00007ffff3e20000 - 0x00007ffff3e92000 	C:\Users\Xander\AppData\Local\Temp\lwjglXander\3.2.2-build-10\lwjgl.dll
0x00007ff808bf0000 - 0x00007ff808c4e000 	C:\Users\Xander\AppData\Local\Temp\lwjglXander\3.2.2-build-10\glfw.dll
0x00007ff8150c0000 - 0x00007ff815159000 	C:\WINDOWS\system32\uxtheme.dll
0x00007ffffbfd0000 - 0x00007ffffc013000 	C:\WINDOWS\SYSTEM32\dinput8.dll
0x00007ff80b710000 - 0x00007ff80b721000 	C:\WINDOWS\SYSTEM32\xinput1_4.dll
0x00007ff816d80000 - 0x00007ff816daa000 	C:\WINDOWS\SYSTEM32\DEVOBJ.dll
0x00007ff815500000 - 0x00007ff81552d000 	C:\WINDOWS\SYSTEM32\dwmapi.dll
0x00007ff8097f0000 - 0x00007ff80990a000 	C:\WINDOWS\SYSTEM32\inputhost.dll
0x00007ff812ac0000 - 0x00007ff812c13000 	C:\WINDOWS\SYSTEM32\wintypes.dll
0x00007ff814850000 - 0x00007ff814924000 	C:\WINDOWS\SYSTEM32\CoreMessaging.dll
0x00007ff812d10000 - 0x00007ff81303a000 	C:\WINDOWS\SYSTEM32\CoreUIComponents.dll
0x00007ff815a20000 - 0x00007ff815b0f000 	C:\WINDOWS\SYSTEM32\PROPSYS.dll
0x00007ff819470000 - 0x00007ff819534000 	C:\WINDOWS\System32\OLEAUT32.dll
0x00007ff816070000 - 0x00007ff8160a1000 	C:\WINDOWS\SYSTEM32\ntmarta.dll
0x00007ff819330000 - 0x00007ff819466000 	C:\WINDOWS\System32\MSCTF.dll
0x00007ff815970000 - 0x00007ff81597e000 	C:\WINDOWS\SYSTEM32\HID.DLL
0x00007ff8184c0000 - 0x00007ff818930000 	C:\WINDOWS\System32\SETUPAPI.DLL
0x00007ff817040000 - 0x00007ff817066000 	C:\WINDOWS\System32\bcrypt.dll
0x00007ff818000000 - 0x00007ff81805c000 	C:\WINDOWS\System32\WINTRUST.dll
0x00007ff816fd0000 - 0x00007ff816fe2000 	C:\WINDOWS\System32\MSASN1.dll
0x00007ff817680000 - 0x00007ff8177c9000 	C:\WINDOWS\System32\CRYPT32.dll
0x00007fffdee00000 - 0x00007fffdef56000 	C:\WINDOWS\SYSTEM32\opengl32.dll
0x00007fffe0bc0000 - 0x00007fffe0bec000 	C:\WINDOWS\SYSTEM32\GLU32.dll
0x00007ff815bd0000 - 0x00007ff815bf0000 	C:\WINDOWS\SYSTEM32\dxcore.dll
0x00007fffac0f0000 - 0x00007fffae7c0000 	C:\WINDOWS\System32\DriverStore\FileRepository\nv_dispi.inf_amd64_1ffb45b74346b667\nvoglv64.dll
0x00007ff819ed0000 - 0x00007ff81a026000 	C:\WINDOWS\System32\ole32.dll
0x00007ff813870000 - 0x00007ff813883000 	C:\WINDOWS\SYSTEM32\WTSAPI32.dll
0x00007ffff0310000 - 0x00007ffff05d2000 	C:\WINDOWS\system32\nvspcap64.dll
0x00007ff8160b0000 - 0x00007ff81610c000 	C:\WINDOWS\SYSTEM32\WINSTA.dll
0x00007ff80b540000 - 0x00007ff80b5de000 	C:\WINDOWS\System32\TextInputFramework.dll
0x00007ff807c80000 - 0x00007ff807f26000 	C:\WINDOWS\System32\iertutil.dll
0x00007ffff3b50000 - 0x00007ffff3ba8000 	C:\Users\Xander\AppData\Local\Temp\lwjglXander\3.2.2-build-10\lwjgl_opengl.dll
0x00007fffefc70000 - 0x00007fffefec1000 	C:\Users\Xander\AppData\Local\Temp\lwjglXander\3.2.2-build-10\jemalloc.dll
0x00007fffd9160000 - 0x00007fffd9274000 	C:\Users\Xander\AppData\Local\Temp\lwjglXander\3.2.2-build-10\OpenAL.dll
0x00007ff819e20000 - 0x00007ff819ec2000 	C:\WINDOWS\System32\clbcatq.dll
0x00007ff811920000 - 0x00007ff811992000 	C:\WINDOWS\System32\MMDevApi.dll
0x00007ff8119a0000 - 0x00007ff811afd000 	C:\WINDOWS\SYSTEM32\AUDIOSES.DLL
0x00007ff815410000 - 0x00007ff815424000 	C:\WINDOWS\SYSTEM32\resourcepolicyclient.dll
0x00007fffd5f80000 - 0x00007fffd6119000 	C:\Program Files\Java\jdk-9.0.1\bin\awt.dll
0x00007ff813890000 - 0x00007ff813e50000 	C:\WINDOWS\SYSTEM32\d2d1.dll
0x00007ff814f00000 - 0x00007ff814f8f000 	C:\WINDOWS\SYSTEM32\apphelp.dll
0x00007fffe3ee0000 - 0x00007fffe3f5f000 	C:\Users\Xander\AppData\Local\Temp\lwjglXander\3.2.2-build-10\lwjgl_stb.dll
0x00007ff801df0000 - 0x00007ff801fe4000 	C:\WINDOWS\SYSTEM32\dbghelp.dll

VM Arguments:
jvm_args: -Dfile.encoding=Cp1252 
java_command: Main
java_class_path (initial): C:\Users\Xander\Documents\eclipse-workspace(2)\NewSnakeProject\SnakeProject\bin;C:\Users\Xander\Documents\eclipse-workspace(2)\game_package\bin;C:\Users\Xander\Documents\lwjglJars\lwjgl-release-3.2.2-custom\lwjgl.jar;C:\Users\Xander\Documents\lwjglJars\lwjgl-release-3.2.2-custom\lwjgl-assimp.jar;C:\Users\Xander\Documents\lwjglJars\lwjgl-release-3.2.2-custom\lwjgl-assimp-javadoc.jar;C:\Users\Xander\Documents\lwjglJars\lwjgl-release-3.2.2-custom\lwjgl-assimp-natives-windows.jar;C:\Users\Xander\Documents\lwjglJars\lwjgl-release-3.2.2-custom\lwjgl-assimp-sources.jar;C:\Users\Xander\Documents\lwjglJars\lwjgl-release-3.2.2-custom\lwjgl-bgfx.jar;C:\Users\Xander\Documents\lwjglJars\lwjgl-release-3.2.2-custom\lwjgl-bgfx-javadoc.jar;C:\Users\Xander\Documents\lwjglJars\lwjgl-release-3.2.2-custom\lwjgl-bgfx-natives-windows.jar;C:\Users\Xander\Documents\lwjglJars\lwjgl-release-3.2.2-custom\lwjgl-bgfx-sources.jar;C:\Users\Xander\Documents\lwjglJars\lwjgl-release-3.2.2-custom\lwjgl-cuda.jar;C:\Users\Xander\Documents\lwjglJars\lwjgl-release-3.2.2-custom\lwjgl-cuda-javadoc.jar;C:\Users\Xander\Documents\lwjglJars\lwjgl-release-3.2.2-custom\lwjgl-cuda-sources.jar;C:\Users\Xander\Documents\lwjglJars\lwjgl-release-3.2.2-custom\lwjgl-egl.jar;C:\Users\Xander\Documents\lwjglJars\lwjgl-release-3.2.2-custom\lwjgl-egl-javadoc.jar;C:\Users\Xander\Documents\lwjglJars\lwjgl-release-3.2.2-custom\lwjgl-egl-sources.jar;C:\Users\Xander\Documents\lwjglJars\lwjgl-release-3.2.2-custom\lwjgl-glfw.jar;C:\Users\Xander\Documents\lwjglJars\lwjgl-release-3.2.2-custom\lwjgl-glfw-javadoc.jar;C:\Users\Xander\Documents\lwjglJars\lwjgl-release-3.2.2-custom\lwjgl-glfw-natives-windows.jar;C:\Users\Xander\Documents\lwjglJars\lwjgl-release-3.2.2-custom\lwjgl-glfw-sources.jar;C:\Users\Xander\Documents\lwjglJars\lwjgl-release-3.2.2-custom\lwjgl-javadoc.jar;C:\Users\Xander\Documents\lwjglJars\lwjgl-release-3.2.2-custom\lwjgl-jawt.jar;C:\Users\Xander\Documents\lwjglJars\lwjgl-release-3.2.2-cu
Launcher Type: SUN_STANDARD

Logging:
Log output configuration:
#0: stdout all=warning uptime,level,tags
#1: stderr all=off uptime,level,tags

Environment Variables:
PATH=C:/Program Files/Java/jdk-9.0.1/bin/server;C:/Program Files/Java/jdk-9.0.1/bin;C:\Program Files\NVIDIA GPU Computing Toolkit\CUDA\v10.1\bin;C:\Program Files\NVIDIA GPU Computing Toolkit\CUDA\v10.1\libnvvp;C:\Program Files\Java\jdk-9.0.1\bin;C:\ProgramData\Oracle\Java\javapath;C:\Windows\system32;C:\Windows;C:\Windows\System32\Wbem;C:\Windows\System32\WindowsPowerShell\v1.0\;C:\Program Files (x86)\NVIDIA Corporation\PhysX\Common;C:\WINDOWS\system32;C:\WINDOWS;C:\WINDOWS\System32\Wbem;C:\WINDOWS\System32\WindowsPowerShell\v1.0\;C:\Program Files\Microsoft SQL Server\110\Tools\Binn\;C:\WINDOWS\System32\OpenSSH\;C:\Program Files\dotnet\;C:\Users\Xander\Desktop\MASM\BIN;C:\Program Files\NVIDIA Corporation\NVIDIA NvDLISR;C:\Program Files\Git\cmd;C:\Program Files\MATLAB\R2019a\bin;C:\WINDOWS\system32;C:\WINDOWS;C:\WINDOWS\System32\Wbem;C:\WINDOWS\System32\WindowsPowerShell\v1.0\;C:\WINDOWS\System32\OpenSSH\;C:\Program Files\NVIDIA Corporation\Nsight Compute 2019.4.0\;C:\Program Files\NVIDIA GPU Computing Toolkit\CUDA\v10.1\lib\x64;C:\Program Files\NVIDIA GPU Computing Toolkit\CUDA\v10.1\extras\CUPTI\libx64;C:\Wincupl\WINCUPL\EXE;C:\Wincupl\WINCUPL\FITTERS;C:\Users\Xander\AppData\Local\Microsoft\WindowsApps;C:\Users\Xander\Desktop\MASM\BIN;C:\Users\Xander\Anaconda3\Scripts\conda.exe;C:\Users\Xander\Anaconda3\python.exe;C:\Users\Xander\AppData\Local\GitHubDesktop\bin;%USERPROFILE%\AppData\Local\Microsoft\WindowsApps;;C:\Users\Xander\Desktop;
USERNAME=Xander
OS=Windows_NT
PROCESSOR_IDENTIFIER=AMD64 Family 16 Model 10 Stepping 0, AuthenticAMD



---------------  S Y S T E M  ---------------

OS: Windows 10 , 64 bit Build 18362 (10.0.18362.329)

CPU:total 6 (initial active 6) (6 cores per cpu, 1 threads per core) family 16 model 10 stepping 0, cmov, cx8, fxsr, mmx, sse, sse2, sse3, popcnt, mmxext, 3dnowpref, lzcnt, sse4a, tsc, tscinvbit, tscinv

Memory: 4k page, physical 8387892k(3676380k free), swap 13187624k(5733616k free)

vm_info: Java HotSpot(TM) 64-Bit Server VM (9.0.1+11) for windows-amd64 JRE (9.0.1+11), built on Sep 28 2017 04:54:03 by "mach5one" with MS VC++ 12.0 (VS2013)

END.
